Performing C SOURCE FILE Test CMAKE_HAVE_LIBC_PTHREAD failed with the following output:
Change Dir: /home/leeweihan/Desktop/range proof/cmake-build-debug/CMakeFiles/CMakeTmp

Run Build Command(s):/home/leeweihan/Desktop/clion-2022.2.4/bin/ninja/linux/ninja cmTC_c9dbc && [1/2] Building C object CMakeFiles/cmTC_c9dbc.dir/src.c.o
[2/2] Linking C executable cmTC_c9dbc
FAILED: cmTC_c9dbc 
: && /usr/bin/cc  -rdynamic CMakeFiles/cmTC_c9dbc.dir/src.c.o -o cmTC_c9dbc   && :
CMakeFiles/cmTC_c9dbc.dir/src.c.o: In function `main':
src.c:(.text+0x3c): undefined reference to `pthread_create'
src.c:(.text+0x48): undefined reference to `pthread_detach'
src.c:(.text+0x54): undefined reference to `pthread_cancel'
src.c:(.text+0x65): undefined reference to `pthread_join'
src.c:(.text+0x79): undefined reference to `pthread_atfork'
collect2: error: ld returned 1 exit status
ninja: build stopped: subcommand failed.


Source file was:
#include <pthread.h>

static void* test_func(void* data)
{
  return data;
}

int main(void)
{
  pthread_t thread;
  pthread_create(&thread, NULL, test_func, NULL);
  pthread_detach(thread);
  pthread_cancel(thread);
  pthread_join(thread, NULL);
  pthread_atfork(NULL, NULL, NULL);
  pthread_exit(NULL);

  return 0;
}

Performing C++ SOURCE FILE Test HAVE_CXX_FLAG_WSHORTEN_64_TO_32 failed with the following output:
Change Dir: /home/leeweihan/Desktop/range proof/cmake-build-debug/CMakeFiles/CMakeTmp

Run Build Command(s):/home/leeweihan/Desktop/clion-2022.2.4/bin/ninja/linux/ninja cmTC_78d93 && [1/2] Building CXX object CMakeFiles/cmTC_78d93.dir/src.cxx.o
FAILED: CMakeFiles/cmTC_78d93.dir/src.cxx.o 
/usr/bin/c++ -DHAVE_CXX_FLAG_WSHORTEN_64_TO_32  -std=c++14 -Wall -Wextra -Wfatal-errors -Wno-sign-compare -Wno-shadow -Wno-unused-variable -Wno-unused-parameter -L/usr/local/lib -ggdb3 -O3 -march=native -mtune=native -Wno-unused-but-set-variable -mpclmul -msse4.1  -std=c++11  -Wall  -Wextra  -Wshadow  -pedantic  -pedantic-errors  -Wshorten-64-to-32   -Wshorten-64-to-32 -o CMakeFiles/cmTC_78d93.dir/src.cxx.o -c '/home/leeweihan/Desktop/range proof/cmake-build-debug/CMakeFiles/CMakeTmp/src.cxx'
c++: error: unrecognized command line option '-Wshorten-64-to-32'
c++: error: unrecognized command line option '-Wshorten-64-to-32'
ninja: build stopped: subcommand failed.


Source file was:
int main() { return 0; }
Performing C++ SOURCE FILE Test HAVE_CXX_FLAG_WD654 failed with the following output:
Change Dir: /home/leeweihan/Desktop/range proof/cmake-build-debug/CMakeFiles/CMakeTmp

Run Build Command(s):/home/leeweihan/Desktop/clion-2022.2.4/bin/ninja/linux/ninja cmTC_1ccdc && [1/2] Building CXX object CMakeFiles/cmTC_1ccdc.dir/src.cxx.o
FAILED: CMakeFiles/cmTC_1ccdc.dir/src.cxx.o 
/usr/bin/c++ -DHAVE_CXX_FLAG_WD654  -std=c++14 -Wall -Wextra -Wfatal-errors -Wno-sign-compare -Wno-shadow -Wno-unused-variable -Wno-unused-parameter -L/usr/local/lib -ggdb3 -O3 -march=native -mtune=native -Wno-unused-but-set-variable -mpclmul -msse4.1  -std=c++11  -Wall  -Wextra  -Wshadow  -pedantic  -pedantic-errors  -Wfloat-equal  -fstrict-aliasing  -Wstrict-aliasing  -wd654   -wd654 -o CMakeFiles/cmTC_1ccdc.dir/src.cxx.o -c '/home/leeweihan/Desktop/range proof/cmake-build-debug/CMakeFiles/CMakeTmp/src.cxx'
c++: error: unrecognized command line option '-wd654'
c++: error: unrecognized command line option '-wd654'
ninja: build stopped: subcommand failed.


Source file was:
int main() { return 0; }
Performing C++ SOURCE FILE Test HAVE_CXX_FLAG_WTHREAD_SAFETY failed with the following output:
Change Dir: /home/leeweihan/Desktop/range proof/cmake-build-debug/CMakeFiles/CMakeTmp

Run Build Command(s):/home/leeweihan/Desktop/clion-2022.2.4/bin/ninja/linux/ninja cmTC_cb50a && [1/2] Building CXX object CMakeFiles/cmTC_cb50a.dir/src.cxx.o
FAILED: CMakeFiles/cmTC_cb50a.dir/src.cxx.o 
/usr/bin/c++ -DHAVE_CXX_FLAG_WTHREAD_SAFETY  -std=c++14 -Wall -Wextra -Wfatal-errors -Wno-sign-compare -Wno-shadow -Wno-unused-variable -Wno-unused-parameter -L/usr/local/lib -ggdb3 -O3 -march=native -mtune=native -Wno-unused-but-set-variable -mpclmul -msse4.1  -std=c++11  -Wall  -Wextra  -Wshadow  -pedantic  -pedantic-errors  -Wfloat-equal  -fstrict-aliasing  -Wstrict-aliasing  -Wthread-safety   -Wthread-safety -o CMakeFiles/cmTC_cb50a.dir/src.cxx.o -c '/home/leeweihan/Desktop/range proof/cmake-build-debug/CMakeFiles/CMakeTmp/src.cxx'
c++: error: unrecognized command line option '-Wthread-safety'
c++: error: unrecognized command line option '-Wthread-safety'
ninja: build stopped: subcommand failed.


Source file was:
int main() { return 0; }
